<?xml version="1.0" encoding="UTF-8"?>
<testsuite name="helloworld_tests.HelloWorldTest-20240308153846" tests="1" file="helloworld_tests.py" time="0.016" timestamp="2024-03-08T15:38:46" failures="0" errors="0" skipped="0">
	<testcase classname="helloworld_tests.HelloWorldTest" name="test_should_issue_hello_world_message" time="0.016" timestamp="2024-03-08T15:38:46"/>
</testsuite>
